13932 execve("./sh", ["./sh"], 0x7ffd5c673378 /* 67 vars */) = 0
13932 write(2, "(sh-xv6) > ", 11)       = 11
13932 read(0, "/", 1)                   = 1
13932 read(0, "b", 1)                   = 1
13932 read(0, "i", 1)                   = 1
13932 read(0, "n", 1)                   = 1
13932 read(0, "/", 1)                   = 1
13932 read(0, "l", 1)                   = 1
13932 read(0, "s", 1)                   = 1
13932 read(0, "\n", 1)                  = 1
13932 fork()                            = 13964
13964 execve("/bin/ls", ["/bin/ls"], NULL <unfinished ...>
13932 wait4(-1,  <unfinished ...>
13964 <... execve resumed>)             = 0
13964 brk(NULL)                         = 0x5558bf38a000
13964 arch_prctl(0x3001 /* ARCH_??? */, 0x7ffe83bf4cf0) = -1 EINVAL (Invalid argument)
13964 mmap(NULL, 8192, PROT_READ|PROT_WRITE, MAP_PRIVATE|MAP_ANONYMOUS, -1, 0) = 0x7f39e8d6b000
13964 access("/etc/ld.so.preload", R_OK) = -1 ENOENT (No such file or directory)
13964 openat(AT_FDCWD, "/etc/ld.so.cache", O_RDONLY|O_CLOEXEC) = 3
13964 newfstatat(3, "", {st_mode=S_IFREG|0644, st_size=63055, ...}, AT_EMPTY_PATH) = 0
13964 mmap(NULL, 63055, PROT_READ, MAP_PRIVATE, 3, 0) = 0x7f39e8d5b000
13964 close(3)                          = 0
13964 openat(AT_FDCWD, "/lib/x86_64-linux-gnu/libselinux.so.1", O_RDONLY|O_CLOEXEC) = 3
13964 read(3, "\177ELF\2\1\1\0\0\0\0\0\0\0\0\0\3\0>\0\1\0\0\0\0\0\0\0\0\0\0\0"..., 832) = 832
13964 newfstatat(3, "", {st_mode=S_IFREG|0644, st_size=166280, ...}, AT_EMPTY_PATH) = 0
13964 mmap(NULL, 177672, PROT_READ, MAP_PRIVATE|MAP_DENYWRITE, 3, 0) = 0x7f39e8d2f000
13964 mprotect(0x7f39e8d35000, 139264, PROT_NONE) = 0
13964 mmap(0x7f39e8d35000, 106496, PROT_READ|PROT_EXEC, MAP_PRIVATE|MAP_FIXED|MAP_DENYWRITE, 3, 0x6000) = 0x7f39e8d35000
13964 mmap(0x7f39e8d4f000, 28672, PROT_READ, MAP_PRIVATE|MAP_FIXED|MAP_DENYWRITE, 3, 0x20000) = 0x7f39e8d4f000
13964 mmap(0x7f39e8d57000, 8192, PROT_READ|PROT_WRITE, MAP_PRIVATE|MAP_FIXED|MAP_DENYWRITE, 3, 0x27000) = 0x7f39e8d57000
13964 mmap(0x7f39e8d59000, 5640, PROT_READ|PROT_WRITE, MAP_PRIVATE|MAP_FIXED|MAP_ANONYMOUS, -1, 0) = 0x7f39e8d59000
13964 close(3)                          = 0
13964 openat(AT_FDCWD, "/lib/x86_64-linux-gnu/libc.so.6", O_RDONLY|O_CLOEXEC) = 3
13964 read(3, "\177ELF\2\1\1\3\0\0\0\0\0\0\0\0\3\0>\0\1\0\0\0P\237\2\0\0\0\0\0"..., 832) = 832
13964 pread64(3, "\6\0\0\0\4\0\0\0@\0\0\0\0\0\0\0@\0\0\0\0\0\0\0@\0\0\0\0\0\0\0"..., 784, 64) = 784
13964 pread64(3, "\4\0\0\0 \0\0\0\5\0\0\0GNU\0\2\0\0\300\4\0\0\0\3\0\0\0\0\0\0\0"..., 48, 848) = 48
13964 pread64(3, "\4\0\0\0\24\0\0\0\3\0\0\0GNU\0\244;\374\204(\337f#\315I\214\234\f\256\271\32"..., 68, 896) = 68
13964 newfstatat(3, "", {st_mode=S_IFREG|0755, st_size=2216304, ...}, AT_EMPTY_PATH) = 0
13964 pread64(3, "\6\0\0\0\4\0\0\0@\0\0\0\0\0\0\0@\0\0\0\0\0\0\0@\0\0\0\0\0\0\0"..., 784, 64) = 784
13964 mmap(NULL, 2260560, PROT_READ, MAP_PRIVATE|MAP_DENYWRITE, 3, 0) = 0x7f39e8b07000
13964 mmap(0x7f39e8b2f000, 1658880, PROT_READ|PROT_EXEC, MAP_PRIVATE|MAP_FIXED|MAP_DENYWRITE, 3, 0x28000) = 0x7f39e8b2f000
13964 mmap(0x7f39e8cc4000, 360448, PROT_READ, MAP_PRIVATE|MAP_FIXED|MAP_DENYWRITE, 3, 0x1bd000) = 0x7f39e8cc4000
13964 mmap(0x7f39e8d1c000, 24576, PROT_READ|PROT_WRITE, MAP_PRIVATE|MAP_FIXED|MAP_DENYWRITE, 3, 0x214000) = 0x7f39e8d1c000
13964 mmap(0x7f39e8d22000, 52816, PROT_READ|PROT_WRITE, MAP_PRIVATE|MAP_FIXED|MAP_ANONYMOUS, -1, 0) = 0x7f39e8d22000
13964 close(3)                          = 0
13964 openat(AT_FDCWD, "/lib/x86_64-linux-gnu/libpcre2-8.so.0", O_RDONLY|O_CLOEXEC) = 3
13964 read(3, "\177ELF\2\1\1\0\0\0\0\0\0\0\0\0\3\0>\0\1\0\0\0\0\0\0\0\0\0\0\0"..., 832) = 832
13964 newfstatat(3, "", {st_mode=S_IFREG|0644, st_size=613064, ...}, AT_EMPTY_PATH) = 0
13964 mmap(NULL, 615184, PROT_READ, MAP_PRIVATE|MAP_DENYWRITE, 3, 0) = 0x7f39e8a70000
13964 mmap(0x7f39e8a72000, 438272, PROT_READ|PROT_EXEC, MAP_PRIVATE|MAP_FIXED|MAP_DENYWRITE, 3, 0x2000) = 0x7f39e8a72000
13964 mmap(0x7f39e8add000, 163840, PROT_READ, MAP_PRIVATE|MAP_FIXED|MAP_DENYWRITE, 3, 0x6d000) = 0x7f39e8add000
13964 mmap(0x7f39e8b05000, 8192, PROT_READ|PROT_WRITE, MAP_PRIVATE|MAP_FIXED|MAP_DENYWRITE, 3, 0x94000) = 0x7f39e8b05000
13964 close(3)                          = 0
13964 mmap(NULL, 12288, PROT_READ|PROT_WRITE, MAP_PRIVATE|MAP_ANONYMOUS, -1, 0) = 0x7f39e8a6d000
13964 arch_prctl(ARCH_SET_FS, 0x7f39e8a6d800) = 0
13964 set_tid_address(0x7f39e8a6dad0)   = 13964
13964 set_robust_list(0x7f39e8a6dae0, 24) = 0
13964 rseq(0x7f39e8a6e1a0, 0x20, 0, 0x53053053) = 0
13964 mprotect(0x7f39e8d1c000, 16384, PROT_READ) = 0
13964 mprotect(0x7f39e8b05000, 4096, PROT_READ) = 0
13964 mprotect(0x7f39e8d57000, 4096, PROT_READ) = 0
13964 mprotect(0x5558bdeec000, 4096, PROT_READ) = 0
13964 mprotect(0x7f39e8da5000, 8192, PROT_READ) = 0
13964 prlimit64(0, RLIMIT_STACK, NULL, {rlim_cur=8192*1024, rlim_max=RLIM64_INFINITY}) = 0
13964 munmap(0x7f39e8d5b000, 63055)     = 0
13964 statfs("/sys/fs/selinux", 0x7ffe83bf4d30) = -1 ENOENT (No such file or directory)
13964 statfs("/selinux", 0x7ffe83bf4d30) = -1 ENOENT (No such file or directory)
13964 getrandom("\x07\x2f\x24\xe8\x5d\xe2\x34\x76", 8, GRND_NONBLOCK) = 8
13964 brk(NULL)                         = 0x5558bf38a000
13964 brk(0x5558bf3ab000)               = 0x5558bf3ab000
13964 openat(AT_FDCWD, "/proc/filesystems", O_RDONLY|O_CLOEXEC) = 3
13964 newfstatat(3, "", {st_mode=S_IFREG|0444, st_size=0, ...}, AT_EMPTY_PATH) = 0
13964 read(3, "nodev\tsysfs\nnodev\ttmpfs\nnodev\tbd"..., 1024) = 478
13964 read(3, "", 1024)                 = 0
13964 close(3)                          = 0
13964 access("/etc/selinux/config", F_OK) = -1 ENOENT (No such file or directory)
13964 ioctl(1, TCGETS, {B38400 opost isig icanon echo ...}) = 0
13964 ioctl(1, TIOCGWINSZ, {ws_row=26, ws_col=192, ws_xpixel=3072, ws_ypixel=832}) = 0
13964 openat(AT_FDCWD, ".", O_RDONLY|O_NONBLOCK|O_CLOEXEC|O_DIRECTORY) = 3
13964 newfstatat(3, "", {st_mode=S_IFDIR|0755, st_size=4096, ...}, AT_EMPTY_PATH) = 0
13964 getdents64(3, 0x5558bf38f920 /* 10 entries */, 32768) = 280
13964 getdents64(3, 0x5558bf38f920 /* 0 entries */, 32768) = 0
13964 close(3)                          = 0
13964 newfstatat(1, "", {st_mode=S_IFCHR|0620, st_rdev=makedev(0x88, 0x4), ...}, AT_EMPTY_PATH) = 0
13964 write(1, "Makefile  init.gdb  lib.h  sh  s"..., 64) = 64
13964 close(1)                          = 0
13964 close(2)                          = 0
13964 exit_group(0)                     = ?
13964 +++ exited with 0 +++
13932 <... wait4 resumed>NULL, 0, NULL) = 13964
13932 --- SIGCHLD {si_signo=SIGCHLD, si_code=CLD_EXITED, si_pid=13964, si_uid=1000, si_status=0, si_utime=0, si_stime=1} ---
13932 write(2, "(sh-xv6) > ", 11)       = 11
13932 read(0, 0x405020, 1)              = ? ERESTARTSYS (To be restarted if SA_RESTART is set)
13932 --- SIGINT {si_signo=SIGINT, si_code=SI_KERNEL} ---
13932 +++ killed by SIGINT +++
